<?xml version="1.0" encoding="UTF-8"?>
<!-- Generated by org.testng.reporters.JUnitXMLReporter -->
<testsuite hostname="MAVBCP77" ignored="0" name="Test 2" tests="5" failures="1" timestamp="2020-06-26T12:18:36 IST" time="0.017" errors="0">
  <testcase name="exponent" time="0.0" classname="com.internetapp.tests.TestCalculator2">
    <failure type="org.testng.TestNGException" message="
Parameter &amp;apos;testData&amp;apos; is required by @Test on method exponent but has not been marked @Optional or defined
in C:\Users\anithak\Documents\NewTAFUpdated (2)\NewTAFUpdated\src\test\java\com\internetapp\tests\testng-parallel.xml">
      <![CDATA[org.testng.TestNGException: 
Parameter 'testData' is required by @Test on method exponent but has not been marked @Optional or defined
in C:\Users\anithak\Documents\NewTAFUpdated (2)\NewTAFUpdated\src\test\java\com\internetapp\tests\testng-parallel.xml
at java.util.concurrent.ThreadPoolExecutor.runWorker(Unknown Source)
at java.util.concurrent.ThreadPoolExecutor$Worker.run(Unknown Source)
at java.lang.Thread.run(Unknown Source)
... Removed 11 stack frames]]>
    </failure>
  </testcase> <!-- exponent -->
  <testcase name="inverse" time="0.002" classname="com.internetapp.tests.TestCalculator2"/>
  <testcase name="Sum" time="0.002" classname="com.internetapp.tests.TestCalculator2"/>
  <testcase name="negative" time="0.002" classname="com.internetapp.tests.TestCalculator2"/>
  <testcase name="Sum" time="0.003" classname="com.internetapp.tests.TestCalculator2"/>
</testsuite> <!-- Test 2 -->
