<?xml version="1.0" encoding="UTF-8"?>
<!-- Generated by org.testng.reporters.JUnitReportReporter -->
<testsuite skipped="0" hostname="MAVBCP77" name="com.internetapp.tests.TestCalculator2" tests="5" failures="0" timestamp="2020-06-26T12:18:37 IST" time="0.009" errors="1">
  <testcase name="negative" time="0.002" classname="com.internetapp.tests.TestCalculator2"/>
  <system-out>
TestNG_ReportsAndLogs -> negative  </system-out>
  <testcase name="Sum" time="0.002" classname="com.internetapp.tests.TestCalculator2"/>
  <system-out>
TestNG_ReportsAndLogs -> sum of two digits using data-provider  </system-out>
  <testcase name="Sum" time="0.003" classname="com.internetapp.tests.TestCalculator2"/>
  <system-out>
TestNG_ReportsAndLogs -> sum of two digits using data-provider  </system-out>
  <testcase name="inverse" time="0.002" classname="com.internetapp.tests.TestCalculator2"/>
  <system-out>
TestNG_ReportsAndLogs -> Inverse  </system-out>
  <testcase name="exponent" time="0.000" classname="com.internetapp.tests.TestCalculator2">
    <error type="org.testng.TestNGException" message="
Parameter &#039;testData&#039; is required by @Test on method exponent but has not been marked @Optional or defined
in C:\Users\anithak\Documents\NewTAFUpdated (2)\NewTAFUpdated\src\test\java\com\internetapp\tests\testng-parallel.xml">
      <![CDATA[org.testng.TestNGException: 
Parameter 'testData' is required by @Test on method exponent but has not been marked @Optional or defined
in C:\Users\anithak\Documents\NewTAFUpdated (2)\NewTAFUpdated\src\test\java\com\internetapp\tests\testng-parallel.xml
at org.testng.internal.Parameters.createParams(Parameters.java:272)
at org.testng.internal.Parameters.createParametersForMethod(Parameters.java:360)
at org.testng.internal.Parameters.createParameters(Parameters.java:704)
at org.testng.internal.Parameters.handleParameters(Parameters.java:879)
at org.testng.internal.Parameters.handleParameters(Parameters.java:744)
at org.testng.internal.ParameterHandler.handleParameters(ParameterHandler.java:59)
at org.testng.internal.ParameterHandler.createParameters(ParameterHandler.java:38)
at org.testng.internal.TestInvoker$MethodInvocationAgent.invoke(TestInvoker.java:783)
at org.testng.internal.TestInvoker.invokeTestMethods(TestInvoker.java:146)
at org.testng.internal.TestMethodWorker.invokeTestMethods(TestMethodWorker.java:146)
at org.testng.internal.TestMethodWorker.run(TestMethodWorker.java:128)
at java.util.concurrent.ThreadPoolExecutor.runWorker(Unknown Source)
at java.util.concurrent.ThreadPoolExecutor$Worker.run(Unknown Source)
at java.lang.Thread.run(Unknown Source)
]]>
    </error>
  </testcase> <!-- exponent -->
  <system-out/>
</testsuite> <!-- com.internetapp.tests.TestCalculator2 -->
